[17:30:47] [main/INFO]: Loading Minecraft 1.20.1 with Fabric Loader 0.16.14
[17:30:47] [ForkJoinPool-1-worker-2/WARN]: Mod gravestones uses the version v1.15 which isn't compatible with Loader's extended semantic version format (Could not parse version number component 'v1'!), SemVer is recommended for reliably evaluating dependencies and prioritizing newer version
[17:30:47] [ForkJoinPool-1-worker-2/WARN]: Mod com_github_rtyley_animated-gif-lib-for-java uses the version animated-gif-lib-1.7 which isn't compatible with Loader's extended semantic version format (Could not parse version number component 'animated'!), SemVer is recommended for reliably evaluating dependencies and prioritizing newer version
[17:30:47] [ForkJoinPool-1-worker-2/WARN]: Mod sleepwarp uses the version 2.2.0_rc1+1.20.1 which isn't compatible with Loader's extended semantic version format (Could not parse version number component '0_rc1'!), SemVer is recommended for reliably evaluating dependencies and prioritizing newer version
[17:30:47] [ForkJoinPool-1-worker-2/WARN]: Mod mr_vanilla_refresh uses the version 1.4.19h which isn't compatible with Loader's extended semantic version format (Could not parse version number component '19h'!), SemVer is recommended for reliably evaluating dependencies and prioritizing newer version
[17:30:48] [main/WARN]: Warnings were found!
 - Mod 'Debugify' (debugify) 1.20.1+2.0 recommends any 3.x version of yet-another-config-lib, which is missing!
	 - You should install any 3.x version of yet-another-config-lib for the optimal experience.
 - Mod 'SleepWarp' (sleepwarp) 2.2.0_rc1+1.20.1 recommends version 7.0.1 of modmenu, which is disabled for this environment (client/server only)!
	 - You should install version 7.0.1 of modmenu for the optimal experience.
 - Mod 'SleepWarp' (sleepwarp) 2.2.0_rc1+1.20.1 recommends version 3.0.1 of yet-another-config-lib, which is missing!
	 - You should install version 3.0.1 of yet-another-config-lib for the optimal experience.
 - Mod 'Spawn Animations' (spawnanimations) 1.9.4+mod recommends any version of modmenu-badges-lib, which is missing!
	 - You should install any version of modmenu-badges-lib for the optimal experience.
[17:30:48] [main/INFO]: Loading 312 mods:
	- advanced_runtime_resource_pack 0.8.1
	- alwaysinfectmod 1.20.1-1.0.1
	- apocalypse 1.1.1
	- appleskin 2.5.1+mc1.20
	- architectury 9.2.14
	- athena 3.1.2
	- autotag-convention 2.0.2+1.20
	   \-- autotag 2.0.2+1.20
	- axesareweapons 1.7.3
	- azurelib 2.0.20
	- backslot 1.2.15
	   \-- amecsapi 1.5.0+mc1.20-pre1
	- balm-fabric 7.2.2
	- bclib 3.0.14
	   \-- wunderlib 1.1.5
	- bettercombat 1.8.5+1.20.1
	- betterdeserttemples 1.20-Fabric-3.0.3
	   \-- org_reflections_reflections 0.10.2
	- betterdungeons 1.20-Fabric-4.0.4
	- betterfortresses 1.20-Fabric-2.0.6
	- betterjungletemples 1.20-Fabric-2.0.4
	- bettermineshafts 1.20-Fabric-4.0.4
	- betteroceanmonuments 1.20-Fabric-3.0.4
	- betterstats 3.9.7+fabric-1.20.1
	   \-- tcdcommons 3.9.6+fabric-1.20.1
	- betterstrongholds 1.20-Fabric-4.0.3
	- betterwitchhuts 1.20-Fabric-3.0.3
	- bookshelf 20.1.10
	- bountiful 6.0.3+1.20.1
	- c2me 0.2.0+alpha.11.5
	   |-- c2me-base 0.2.0+alpha.11.5
	   |-- c2me-client-uncapvd 0.2.0+alpha.11.5
	   |-- c2me-fixes-chunkio-threading-issues 0.2.0+alpha.11.5
	   |-- c2me-fixes-general-threading-issues 0.2.0+alpha.11.5
	   |-- c2me-fixes-worldgen-threading-issues 0.2.0+alpha.11.5
	   |-- c2me-fixes-worldgen-vanilla-bugs 0.2.0+alpha.11.5
	   |-- c2me-notickvd 0.2.0+alpha.11.5
	   |-- c2me-opts-allocs 0.2.0+alpha.11.5
	   |-- c2me-opts-chunk-access 0.2.0+alpha.11.5
	   |-- c2me-opts-chunkio 0.2.0+alpha.11.5
	   |-- c2me-opts-math 0.2.0+alpha.11.5
	   |-- c2me-opts-scheduling 0.2.0+alpha.11.5
	   |-- c2me-opts-worldgen-general 0.2.0+alpha.11.5
	   |-- c2me-opts-worldgen-vanilla 0.2.0+alpha.11.5
	   |-- c2me-rewrites-chunk-serializer 0.2.0+alpha.11.5
	   |-- c2me-rewrites-chunkio 0.2.0+alpha.11.5
	   |-- c2me-server-utils 0.2.0+alpha.11.5
	   |-- c2me-threading-chunkio 0.2.0+alpha.11.5
	   |-- c2me-threading-lighting 0.2.0+alpha.11.5
	   |-- c2me-threading-worldgen 0.2.0+alpha.11.5
	   |-- com_ibm_async_asyncutil 0.1.0
	   |-- net_objecthunter_exp4j 0.4.8
	   \-- org_threadly_threadly 7.0
	- camp_fires_cook_mobs 1.2.11
	   \-- crowdin-translate 1.4+1.19.3
	- cardinal-components 5.2.2
	   |-- cardinal-components-base 5.2.2
	   |-- cardinal-components-block 5.2.2
	   |-- cardinal-components-chunk 5.2.2
	   |-- cardinal-components-entity 5.2.2
	   |-- cardinal-components-item 5.2.2
	   |-- cardinal-components-level 5.2.2
	   |-- cardinal-components-scoreboard 5.2.2
	   \-- cardinal-components-world 5.2.2
	- carryon 2.1.2.7
	- cavedust 1.4.1
	   \-- kirin 1.15.0
	- chefsdelight 1.0.3-fabric-1.20.1
	- cloth-config 11.1.118
	   \-- cloth-basic-math 0.6.1
	- clumps 12.0.0.3
	- collective 7.40
	- combatroll 1.3.2+1.20.1
	- comforts 6.3.5+1.20.1
	   \-- spectrelib 0.13.15+1.20.1
	- cookingforblockheads 16.0.4
	- creativecore 2.11.24
	   \-- net_minecraftforge_eventbus 6.0.3
	- cristellib 1.1.5
	   \-- blue_endless_jankson 1.2.3
	- ctov 3.4.3
	- debugify 1.20.1+2.0
	- dehydration 1.3.6
	- distanthorizons 2.0.1-a
	   \-- fabric-rendering-v1 3.0.7+b3afc78b77
	- doubledoors 5.4
	- dungeonz 1.0.4
	- e4mc_minecraft 4.0.1
	- earlystage 1.1.1
	- easyanvils 8.0.2
	- easymagic 8.0.1
	- emi 1.1.4+1.20.1+fabric
	- emi_enchanting 0.1.0+1.20.1
	- emi_loot 0.6.6+1.20.1
	- enhancedvisuals 1.6.9
	- environmentz 2.0.8
	   \-- satin 1.13.0
	- expandeddelight 0.3.0.3
	   \-- omega-config 1.2.3-1.18.1
	- extra-mod-integrations 0.4.3+1.20.1
	- fabric-api 0.92.6+1.20.1
	   |-- fabric-api-base 0.4.32+1802ada577
	   |-- fabric-api-lookup-api-v1 1.6.37+1802ada577
	   |-- fabric-biome-api-v1 13.0.14+1802ada577
	   |-- fabric-block-api-v1 1.0.12+1802ada577
	   |-- fabric-block-view-api-v2 1.0.3+924f046a77
	   |-- fabric-blockrenderlayer-v1 1.1.42+1802ada577
	   |-- fabric-client-tags-api-v1 1.1.3+1802ada577
	   |-- fabric-command-api-v1 1.2.35+f71b366f77
	   |-- fabric-command-api-v2 2.2.14+1802ada577
	   |-- fabric-commands-v0 0.2.52+df3654b377
	   |-- fabric-containers-v0 0.1.67+df3654b377
	   |-- fabric-content-registries-v0 4.0.13+1802ada577
	   |-- fabric-convention-tags-v1 1.5.6+1802ada577
	   |-- fabric-crash-report-info-v1 0.2.20+1802ada577
	   |-- fabric-data-attachment-api-v1 1.0.2+de0fd6d177
	   |-- fabric-data-generation-api-v1 12.3.7+1802ada577
	   |-- fabric-dimensions-v1 2.1.55+1802ada577
	   |-- fabric-entity-events-v1 1.6.1+1c78457f77
	   |-- fabric-events-interaction-v0 0.6.5+13a40c6677
	   |-- fabric-events-lifecycle-v0 0.2.64+df3654b377
	   |-- fabric-game-rule-api-v1 1.0.41+1802ada577
	   |-- fabric-item-api-v1 2.1.29+1802ada577
	   |-- fabric-item-group-api-v1 4.0.14+1802ada577
	   |-- fabric-key-binding-api-v1 1.0.38+1802ada577
	   |-- fabric-keybindings-v0 0.2.36+df3654b377
	   |-- fabric-lifecycle-events-v1 2.2.23+1802ada577
	   |-- fabric-loot-api-v2 1.2.3+1802ada577
	   |-- fabric-loot-tables-v1 1.1.47+9e7660c677
	   |-- fabric-message-api-v1 5.1.10+1802ada577
	   |-- fabric-mining-level-api-v1 2.1.52+1802ada577
	   |-- fabric-model-loading-api-v1 1.0.4+1802ada577
	   |-- fabric-models-v0 0.4.3+9386d8a777
	   |-- fabric-networking-api-v1 1.3.14+a158aa0477
	   |-- fabric-networking-v0 0.3.54+df3654b377
	   |-- fabric-object-builder-api-v1 11.1.5+e35120df77
	   |-- fabric-particles-v1 1.1.3+1802ada577
	   |-- fabric-recipe-api-v1 1.0.24+1802ada577
	   |-- fabric-registry-sync-v0 2.3.6+1802ada577
	   |-- fabric-renderer-api-v1 3.2.2+1802ada577
	   |-- fabric-renderer-indigo 1.5.3+85287f9f77
	   |-- fabric-renderer-registries-v1 3.2.47+df3654b377
	   |-- fabric-rendering-data-attachment-v1 0.3.39+92a0d36777
	   |-- fabric-rendering-fluids-v1 3.0.29+1802ada577
	   |-- fabric-rendering-v0 1.1.50+df3654b377
	   |-- fabric-rendering-v1 3.0.9+1802ada577
	   |-- fabric-resource-conditions-api-v1 2.3.9+1802ada577
	   |-- fabric-resource-loader-v0 0.11.12+fb82e9d777
	   |-- fabric-screen-api-v1 2.0.9+1802ada577
	   |-- fabric-screen-handler-api-v1 1.3.33+1802ada577
	   |-- fabric-sound-api-v1 1.0.14+1802ada577
	   |-- fabric-transfer-api-v1 3.3.6+8dd72ea377
	   \-- fabric-transitive-access-wideners-v1 4.3.2+1802ada577
	- fabric-language-kotlin 1.10.19+kotlin.1.9.23
	   |-- org_jetbrains_kotlin_kotlin-reflect 1.9.23
	   |-- org_jetbrains_kotlin_kotlin-stdlib 1.9.23
	   |-- org_jetbrains_kotlin_kotlin-stdlib-jdk7 1.9.23
	   |-- org_jetbrains_kotlin_kotlin-stdlib-jdk8 1.9.23
	   |-- org_jetbrains_kotlinx_atomicfu-jvm 0.23.2
	   |-- org_jetbrains_kotlinx_kotlinx-coroutines-core-jvm 1.8.0
	   |-- org_jetbrains_kotlinx_kotlinx-coroutines-jdk8 1.8.0
	   |-- org_jetbrains_kotlinx_kotlinx-datetime-jvm 0.5.0
	   |-- org_jetbrains_kotlinx_kotlinx-serialization-cbor-jvm 1.6.3
	   |-- org_jetbrains_kotlinx_kotlinx-serialization-core-jvm 1.6.3
	   \-- org_jetbrains_kotlinx_kotlinx-serialization-json-jvm 1.6.3
	- fabricloader 0.16.14
	   \-- mixinextras 0.4.1
	- fallingtree 4.3.4
	- fancymenu 3.1.4
	   |-- com_github_keksuccino_japng 0.5.3
	   \-- com_github_rtyley_animated-gif-lib-for-java animated-gif-lib-1.7
	- farmersdelight 1.20.1-1.4.3
	- ferritecore 6.0.1
	- fleshz 1.5.1
	- forgeconfigapiport 8.0.2
	- ftbchunks 2001.3.6
	- ftblibrary 2001.2.9
	- ftbteams 2001.3.1
	- grassseeds 3.2
	- gravestones v1.15
	- guarding 2.4.0
	   |-- mm 2.3
	   \-- scribe 1.20.1-0.5.0-alpha
	- hangglider 8.0.1
	- herdspanic 1.1.0
	- hwg 2.0.2
	- iceberg 1.1.18
	- immersive_armors 1.6.1+1.20.1
	- immersive_paintings 0.6.7+1.20.1
	- java 17
	- kambrik 6.1.1+1.20.1
	- kiwi 11.6.0
	- konkrete 1.8.1
	- krypton 0.2.3
	   \-- com_velocitypowered_velocity-native 3.2.0-SNAPSHOT
	- lazydfu 0.1.3
	- libz 1.0.3
	   |-- com_fasterxml_jackson_core_jackson-annotations 2.15.2
	   |-- com_fasterxml_jackson_core_jackson-core 2.15.2
	   \-- com_fasterxml_jackson_core_jackson-databind 2.15.2
	- lithium 0.11.2
	- lithostitched 1.1.5
	- medievalweapons 1.4.8
	- melody 1.0.3
	- memoryleakfix 1.1.5
	- minecraft 1.20.1
	- mobcaptains 3.1.1
	- mobsunscreen 3.1.0
	- modernfix 5.16.1+mc1.20.1
	- moonlight 1.20-2.11.12
	- morezombievillagers 3.5
	- mozombies_wave 1.20.1-0.1.0
	- mr_ctov_chefsdelightcompat 2.0
	- mr_ctov_farmersdelightcompat 2.1
	- mr_horde_nights 0.3.1
	- mr_vanilla_refresh 1.4.19h
	- mutantmonsters 8.0.7
	   \-- extensibleenums 7.0.1
	- nochatreports 1.20.1-v2.2.2
	   |-- fabric-rendering-v1 3.0.6+b3afc78b82
	   \-- fabric-screen-api-v1 2.0.6+b3afc78b82
	- notenoughanimations 1.7.1
	- notenoughcrashes 4.4.7+1.20.1
	- numismatic-overhaul 0.2.14+1.20
	   \-- stacc 1.7.0
	- nyfsspiders 2.1.1
	- openpartiesandclaims 0.22.0
	- owo 0.11.2+1.20
	- paraglider 20.1.3
	- paxi 1.20-Fabric-4.0
	- player-animator 1.0.2-rc1+1.20
	- puzzleslib 8.1.18
	   \-- puzzlesaccessapi 8.0.7
	- realisticbees 3.8
	- rebalanced_loot 1.1
	- resourcefullib 2.1.24
	   |-- com_teamresourceful_bytecodecs 1.0.2
	   \-- com_teamresourceful_yabn 1.0.3
	- seasons 2.3+1.20
	- shulkerboxtooltip 4.0.4+1.20.1
	- simple_pipes_dep_container 0.11.0-pre.2
	   |-- libblockattributes 0.14.0-pre.1
	   |    |-- libblockattributes_core 0.14.0-pre.1
	   |    |-- libblockattributes_fluids 0.14.0-pre.1
	   |    \-- libblockattributes_items 0.14.0-pre.1
	   |-- libmultipart 0.11.0-pre.2
	   |-- libmultipart_compat 0.11.0-pre.2
	   |-- libnetworkstack 0.10.0-pre.2
	   \-- simple_pipes 0.11.0-pre.2
	- simplymore 1.1.3
	- simplyswords 1.56.0-1.20.1
	   \-- spruceui 5.0.0+1.20
	- skinlayers3d 1.6.2
	- sleepwarp 2.2.0_rc1+1.20.1
	- smartbrainlib 1.13
	- smarterfarmers 1.20-1.8.2
	- snowrealmagic 10.4.3
	- sophisticatedbackpacks 1.20.1-3.23.4.4.105
	- sophisticatedcore 1.20.1-1.2.7.7.156
	   |-- porting_lib_tool_actions 2.3.2+1.20.1
	   \-- team_reborn_energy 3.0.0
	- sophisticatedstorage 1.20.1-1.3.5.4.126
	   \-- noindium 1.1.0+1.20
	- sound_physics_remastered 1.20.1-1.3.1
	- spawnanimations 1.9.4+mod
	- spelunkery 1.20.1-0.3.5
	- spoiledz 1.0.10
	   \-- capsaicin 1.3.3+mc1.20.1
	- starlight 1.1.2+fabric.dbc156f
	- stendhal 1.4.1-1.20
	   \-- libgui 8.0.1+1.20
	        |-- jankson 5.0.1+j1.2.2
	        \-- libninepatch 1.2.0
	- stonycliffs 1.1.0
	- t_and_t 1.12
	- terralith 2.4.11
	- the_lost_city 1.0.8
	- tiered 1.3.3
	   \-- reach-entity-attributes 2.4.0
	- trashslot 15.1.0
	- twilightforest 1.4.7
	   |-- com_google_code_findbugs_jsr305 3.0.2
	   |-- disable_custom_worlds_advice 4.1
	   |-- javax_annotation_javax_annotation-api 1.3.2
	   |-- mm 2.3
	   |-- porting_lib_accessors 2.3.4+1.20.1
	   |    \-- porting_lib_core 2.3.4+1.20.1
	   |-- porting_lib_base 2.3.4+1.20.1
	   |    |-- com_electronwill_night-config_core 3.6.6
	   |    |-- com_electronwill_night-config_toml 3.6.6
	   |    |-- porting_lib_attributes 2.3.4+1.20.1
	   |    |-- porting_lib_common 2.3.4+1.20.1
	   |    |-- porting_lib_config 2.3.4+1.20.1
	   |    |-- porting_lib_core 2.3.4+1.20.1
	   |    |-- porting_lib_fluids 2.3.4+1.20.1
	   |    |-- porting_lib_mixin_extensions 2.3.4+1.20.1
	   |    \-- reach-entity-attributes 2.4.0
	   |-- porting_lib_data 2.3.4+1.20.1
	   |    \-- porting_lib_core 2.3.4+1.20.1
	   |-- porting_lib_entity 2.3.4+1.20.1
	   |    |-- porting_lib_core 2.3.4+1.20.1
	   |    \-- porting_lib_mixin_extensions 2.3.4+1.20.1
	   |-- porting_lib_extensions 2.3.4+1.20.1
	   |    |-- porting_lib_attributes 2.3.4+1.20.1
	   |    |-- porting_lib_common 2.3.4+1.20.1
	   |    |-- porting_lib_core 2.3.4+1.20.1
	   |    \-- reach-entity-attributes 2.4.0
	   |-- porting_lib_lazy_registration 2.3.4+1.20.1
	   |    \-- porting_lib_core 2.3.4+1.20.1
	   |-- porting_lib_loot 2.3.4+1.20.1
	   |    \-- porting_lib_core 2.3.4+1.20.1
	   |-- porting_lib_model_builders 2.3.4+1.20.1
	   |    |-- porting_lib_core 2.3.4+1.20.1
	   |    \-- porting_lib_model_materials 2.3.4+1.20.1
	   |-- porting_lib_model_generators 2.3.4+1.20.1
	   |    |-- porting_lib_core 2.3.4+1.20.1
	   |    \-- porting_lib_model_materials 2.3.4+1.20.1
	   |-- porting_lib_model_loader 2.3.4+1.20.1
	   |    \-- porting_lib_core 2.3.4+1.20.1
	   |-- porting_lib_models 2.3.4+1.20.1
	   |    |-- porting_lib_core 2.3.4+1.20.1
	   |    \-- porting_lib_fluids 2.3.4+1.20.1
	   |-- porting_lib_networking 2.3.4+1.20.1
	   |    \-- porting_lib_core 2.3.4+1.20.1
	   |-- porting_lib_registries 2.3.4+1.20.1
	   |    \-- porting_lib_core 2.3.4+1.20.1
	   |-- porting_lib_tags 3.0
	   |    \-- porting_lib_core 2.3.4+1.20.1
	   |-- porting_lib_transfer 2.3.4+1.20.1
	   |    |-- porting_lib_core 2.3.4+1.20.1
	   |    \-- porting_lib_fluids 2.3.4+1.20.1
	   \-- porting_lib_utility 2.3.4+1.20.1
	        \-- porting_lib_core 2.3.4+1.20.1
	- villagernames 7.3
	- villagespawnpoint 4.2
	- visualoverhaul 5.0.1
	   \-- midnightlib 1.4.1
	- visualworkbench 8.0.0
	- voicechat 1.20.1-2.5.12
	   \-- fabric-key-binding-api-v1 1.0.36+fb8d95da82
	- waterdripsound 1.19-0.3.2
	- waveycapes 1.4.4
	- whydoesmyglasssoundlikethat 1.1.0
	- xaerominimap 24.1.1
	- xaeroworldmap 1.38.4
	- yet_another_config_lib_v3 3.2.2+1.20
	   |-- com_twelvemonkeys_common_common-image 3.10.0-SNAPSHOT
	   |-- com_twelvemonkeys_common_common-io 3.10.0-SNAPSHOT
	   |-- com_twelvemonkeys_common_common-lang 3.10.0-SNAPSHOT
	   |-- com_twelvemonkeys_imageio_imageio-core 3.10.0-SNAPSHOT
	   |-- com_twelvemonkeys_imageio_imageio-metadata 3.10.0-SNAPSHOT
	   |-- com_twelvemonkeys_imageio_imageio-webp 3.10.0-SNAPSHOT
	   |-- org_quiltmc_parsers_gson 0.2.1
	   \-- org_quiltmc_parsers_json 0.2.1
	- yosbr 0.1.2
	- yungsapi 1.20-Fabric-4.0.4
	   \-- org_javassist_javassist 3.29.2-GA
	- yungsbridges 1.20-Fabric-4.0.3
	- yungsextras 1.20-Fabric-4.0.3
[17:30:48] [main/INFO]: Applying default options... (YOSBR)
[17:30:48] [main/INFO]: SpongePowered MIXIN Subsystem Version=0.8.7 Source=file:/workspaces/server/servidor_minecraft/libraries/net/fabricmc/sponge-mixin/0.15.5+mixin.0.8.7/sponge-mixin-0.15.5+mixin.0.8.7.jar Service=Knot/Fabric Env=SERVER
[17:30:48] [main/INFO]: Compatibility level set to JAVA_17
[17:30:48] [main/INFO]: Initializing com.ishland.c2me.base.mixin
[17:30:48] [main/INFO]: Initializing com.ishland.c2me.fixes.chunkio.threading_issues.mixin
[17:30:48] [main/INFO]: Initializing com.ishland.c2me.fixes.general.threading_issues.mixin
[17:30:48] [main/INFO]: Initializing com.ishland.c2me.fixes.worldgen.threading_issues.mixin
[17:30:48] [main/INFO]: Initializing com.ishland.c2me.fixes.worldgen.vanilla_bugs.mixin
[17:30:48] [main/INFO]: Initializing com.ishland.c2me.notickvd.mixin
[17:30:48] [main/INFO]: Initializing com.ishland.c2me.opts.allocs.mixin
[17:30:49] [main/INFO]: Initializing com.ishland.c2me.opts.chunk_access.mixin
[17:30:49] [main/INFO]: Initializing com.ishland.c2me.opts.chunkio.mixin
[17:30:49] [main/INFO]: Initializing com.ishland.c2me.opts.math.mixin
[17:30:49] [main/INFO]: Initializing com.ishland.c2me.opts.scheduling.mixin
[17:30:49] [main/INFO]: Initializing com.ishland.c2me.opts.worldgen.general.mixin
[17:30:49] [main/INFO]: Initializing com.ishland.c2me.opts.worldgen.vanilla.mixin
[17:30:49] [main/INFO]: Initializing com.ishland.c2me.rewrites.chunk_serializer.mixin
[17:30:49] [main/INFO]: Disabling config ioSystem.gcFreeChunkSerializer: Incompatible with architectury@9.2.14 (*) (defined in c2me)
[17:30:49] [main/INFO]: Disabling com.ishland.c2me.rewrites.chunk_serializer.mixin
[17:30:49] [main/INFO]: Initializing com.ishland.c2me.rewrites.chunkio.mixin
[17:30:49] [main/INFO]: Disabling com.ishland.c2me.rewrites.chunkio.mixin
[17:30:49] [main/INFO]: Initializing com.ishland.c2me.server.utils.mixin
[17:30:49] [main/INFO]: Initializing com.ishland.c2me.threading.chunkio.mixin
[17:30:49] [main/INFO]: Initializing com.ishland.c2me.threading.lighting.mixin
[17:30:49] [main/INFO]: Initializing com.ishland.c2me.threading.worldgen.mixin
[17:30:49] [main/INFO]: Disabling com.ishland.c2me.threading.worldgen.mixin
[17:30:49] [main/WARN]: Reference map 'ctov-fabric-fabric-refmap.json' for ctov.mixins.json could not be read. If this is a development environment you can ignore this message
[17:30:49] [main/WARN]: Reference map 'ctov-common-common-refmap.json' for ctov-common.mixins.json could not be read. If this is a development environment you can ignore this message
[17:30:49] [main/INFO]: Preloading Debugify
[17:30:49] [main/WARN]: Reference map 'immersive_paintings-common-refmap.json' for immersive_paintings.mixin.json could not be read. If this is a development environment you can ignore this message
[17:30:49] [main/INFO]: Loaded configuration file for Lithium: 115 options available, 4 override(s) found
[17:30:49] [main/WARN]: Reference map 'memoryleakfix-fabric-1.17+-fabric-refmap.json' for memoryleakfix-fabric.mixins.json could not be read. If this is a development environment you can ignore this message
[17:30:49] [main/INFO]: Loaded configuration file for ModernFix 5.16.1+mc1.20.1: 55 options available, 4 override(s) found
[17:30:49] [main/WARN]: Option 'mixin.bugfix.paper_chunk_patches' overriden (by mods [c2me]) to 'false'
[17:30:49] [main/WARN]: Option 'mixin.perf.cache_strongholds' overriden (by mods [c2me]) to 'false'
[17:30:49] [main/WARN]: Option 'mixin.perf.nbt_memory_usage' overriden (by mods [c2me]) to 'false'
[17:30:49] [main/WARN]: Option 'mixin.bugfix.chunk_deadlock' overriden (by mods [c2me]) to 'false'
[17:30:49] [main/INFO]: Applying Nashorn fix
[17:30:49] [main/WARN]: Reference map 'Mo'ZombiesWave-fabric-refmap.json' for mozombieswave.mixins.json could not be read. If this is a development environment you can ignore this message
[17:30:49] [main/WARN]: Reference map 'simplyswords-fabric-refmap.json' for simplyswords.mixins.json could not be read. If this is a development environment you can ignore this message
[17:30:49] [main/WARN]: Reference map 'smarterfarmers-fabric-refmap.json' for smarterfarmers.mixins.json could not be read. If this is a development environment you can ignore this message
[17:30:49] [main/WARN]: Reference map 'spelunkery-fabric-refmap.json' for spelunkery.mixins.json could not be read. If this is a development environment you can ignore this message
[17:30:49] [main/WARN]: Reference map 'yungsextras.refmap.json' for yungsextras.mixins.json could not be read. If this is a development environment you can ignore this message
[17:30:49] [main/WARN]: Reference map 'yungsextras.refmap.json' for yungsextras_fabric.mixins.json could not be read. If this is a development environment you can ignore this message
[17:30:49] [main/WARN]: Error loading class: net/minecraft/class_906 (java.lang.ClassNotFoundException: net/minecraft/class_906)
[17:30:49] [main/WARN]: @Mixin target net.minecraft.class_906 was not found porting_lib_tool_actions.mixins.json:FishingHookRendererMixin from mod porting_lib_tool_actions
[17:30:49] [main/WARN]: Error loading class: net/minecraft/class_793 (java.lang.ClassNotFoundException: net/minecraft/class_793)
[17:30:49] [main/WARN]: @Mixin target net.minecraft.class_793 was not found twilight.mixins.json:BlockModelAccessor from mod twilightforest
[17:30:50] [main/WARN]: Error loading class: net/minecraft/class_638$class_5271 (java.lang.ClassNotFoundException: net/minecraft/class_638$class_5271)
[17:30:50] [main/WARN]: @Mixin target net.minecraft.class_638$class_5271 was not found dust.mixins.json:ClientWorldAccessor from mod cavedust
[17:30:50] [main/WARN]: Error loading class: net/minecraft/class_340 (java.lang.ClassNotFoundException: net/minecraft/class_340)
[17:30:50] [main/WARN]: @Mixin target net.minecraft.class_340 was not found dust.mixins.json:MixinDebugScreenOverlay from mod cavedust
[17:30:50] [main/WARN]: Error loading class: net/minecraft/class_5684 (java.lang.ClassNotFoundException: net/minecraft/class_5684)
[17:30:50] [main/WARN]: @Mixin target net.minecraft.class_5684 was not found dehydration.mixins.json:TooltipComponentMixin from mod dehydration
[17:30:50] [main/WARN]: Error loading class: net/minecraft/class_759 (java.lang.ClassNotFoundException: net/minecraft/class_759)
[17:30:50] [main/WARN]: @Mixin target net.minecraft.class_759 was not found hwg.mixins.json:HeldItemRendererMixin from mod hwg
[17:30:50] [main/WARN]: Force-disabling mixin 'ai.task.memory_change_counting.BrainMixin' as rule 'mixin.ai.task.memory_change_counting' (added by mods [smartbrainlib]) disables it and children
[17:30:50] [main/WARN]: Force-disabling mixin 'ai.task.memory_change_counting.MultiTickTaskMixin' as rule 'mixin.ai.task.memory_change_counting' (added by mods [smartbrainlib]) disables it and children
[17:30:50] [main/WARN]: Force-disabling mixin 'alloc.blockstate.StateMixin' as rule 'mixin.alloc.blockstate' (added by mods [ferritecore]) disables it and children
[17:30:50] [main/WARN]: Force-disabling mixin 'world.player_chunk_tick.ThreadedAnvilChunkStorageMixin' as rule 'mixin.world.player_chunk_tick' (added by mods [c2me, krypton]) disables it and children
[17:30:50] [main/WARN]: Error loading class: net/coderbot/iris/Iris (java.lang.ClassNotFoundException: net/coderbot/iris/Iris)
[17:30:50] [main/WARN]: @Mixin target net.coderbot.iris.Iris was not found notenoughcrashes.fabric.mixins.json:iris.SilentNEC from mod notenoughcrashes
[17:30:50] [main/WARN]: Error loading class: fr/catcore/server/translations/api/resource/language/SystemDelegatedLanguage (java.lang.ClassNotFoundException: fr/catcore/server/translations/api/resource/language/SystemDelegatedLanguage)
[17:30:50] [main/WARN]: Error loading class: net/minecraft/class_471 (java.lang.ClassNotFoundException: net/minecraft/class_471)
[17:30:50] [main/WARN]: @Mixin target net.minecraft.class_471 was not found stendhal.mixins.json:AnvilScreenMixin from mod stendhal
[17:30:50] [main/WARN]: Error loading class: net/minecraft/class_473 (java.lang.ClassNotFoundException: net/minecraft/class_473)
[17:30:50] [main/WARN]: @Mixin target net.minecraft.class_473 was not found stendhal.mixins.json:BookEditScreenMixin from mod stendhal
[17:30:50] [main/WARN]: Error loading class: net/minecraft/class_3872 (java.lang.ClassNotFoundException: net/minecraft/class_3872)
[17:30:50] [main/WARN]: @Mixin target net.minecraft.class_3872 was not found stendhal.mixins.json:BookScreenMixin from mod stendhal
[17:30:50] [main/WARN]: Error loading class: net/minecraft/class_408 (java.lang.ClassNotFoundException: net/minecraft/class_408)
[17:30:50] [main/WARN]: @Mixin target net.minecraft.class_408 was not found stendhal.mixins.json:ChatScreenMixin from mod stendhal
[17:30:50] [main/WARN]: Error loading class: net/minecraft/class_7743 (java.lang.ClassNotFoundException: net/minecraft/class_7743)
[17:30:50] [main/WARN]: @Mixin target net.minecraft.class_7743 was not found stendhal.mixins.json:SignEditScreenMixin from mod stendhal
[17:30:50] [main/INFO]: [MemoryLeakFix] Will be applying 1 memory leak fixes!
[17:30:50] [main/INFO]: [MemoryLeakFix] Currently enabled memory leak fixes: [biomeTemperatureLeak]
[17:30:50] [main/WARN]: Error loading class: org/jetbrains/annotations/ApiStatus$Internal (java.lang.ClassNotFoundException: org/jetbrains/annotations/ApiStatus$Internal)
[17:30:50] [main/WARN]: Error loading class: org/jetbrains/annotations/ApiStatus$Internal (java.lang.ClassNotFoundException: org/jetbrains/annotations/ApiStatus$Internal)
[17:30:50] [main/WARN]: Error loading class: org/jetbrains/annotations/ApiStatus$Internal (java.lang.ClassNotFoundException: org/jetbrains/annotations/ApiStatus$Internal)
[17:30:50] [main/WARN]: Error loading class: net/minecraft/class_1163 (java.lang.ClassNotFoundException: net/minecraft/class_1163)
[17:30:50] [main/WARN]: @Mixin target net.minecraft.class_1163 was not found mixins.mm.json:net.minecraft.class_1163 from mod mm
[17:30:50] [main/WARN]: Error loading class: net/minecraft/class_1142 (java.lang.ClassNotFoundException: net/minecraft/class_1142)
[17:30:50] [main/WARN]: @Mixin target net.minecraft.class_1142 was not found mixins.mm.json:net.minecraft.class_1142 from mod mm
[17:30:50] [main/WARN]: Error loading class: net/minecraft/class_898 (java.lang.ClassNotFoundException: net/minecraft/class_898)
[17:30:50] [main/WARN]: @Mixin target net.minecraft.class_898 was not found mixins.mm.json:net.minecraft.class_898 from mod mm
[17:30:50] [main/WARN]: Error loading class: net/minecraft/class_761 (java.lang.ClassNotFoundException: net/minecraft/class_761)
[17:30:50] [main/WARN]: @Mixin target net.minecraft.class_761 was not found mixins.mm.json:net.minecraft.class_761 from mod mm
[17:30:50] [main/WARN]: Error loading class: net/minecraft/class_759 (java.lang.ClassNotFoundException: net/minecraft/class_759)
[17:30:50] [main/WARN]: @Mixin target net.minecraft.class_759 was not found mixins.mm.json:net.minecraft.class_759 from mod mm
[17:30:50] [main/WARN]: Error loading class: net/minecraft/class_3675$class_306 (java.lang.ClassNotFoundException: net/minecraft/class_3675$class_306)
[17:30:50] [main/INFO]: I used the json to destroy the json
[17:30:50] [main/INFO]: Initializing MixinExtras via com.llamalad7.mixinextras.service.MixinExtrasServiceImpl(version=0.4.1).
[17:30:51] [main/INFO]: Mixing server.MixinDedicatedServer from mixins/common/nochatreports.mixins.json into net.minecraft.class_3176
[17:30:52] [main/WARN]: @ModifyConstant conflict. Skipping mixins.reach-entity-attributes.json:PlayerEntityMixin from mod reach-entity-attributes->@ModifyConstant::getActualAttackRange(D)D with priority 1000, already redirected by medievalweapons.mixins.json:PlayerEntityMixin from mod medievalweapons->@ModifyConstant::getActualAttackRange(D)D with priority 1000
[17:30:52] [main/WARN]: @Inject(@At("INVOKE")) Shift.BY=2 on porting_lib_entity.mixins.json:common.LivingEntityMixin from mod porting_lib_entity::handler$dpk000$porting_lib_entity$port_lib$onFinishUsing exceeds the maximum allowed value: 0. Increase the value of maxShiftBy to suppress this warning.
[17:30:53] [main/INFO]: Mixing common.MixinFriendlyByteBuf from mixins/common/nochatreports.mixins.json into net.minecraft.class_2540
[17:30:53] [main/INFO]: Renaming synthetic method lambda$onWriteJsonWithCodec$1(Ljava/lang/Object;Ljava/lang/String;)Lio/netty/handler/codec/EncoderException; to md491443$nochatreports$lambda$onWriteJsonWithCodec$1$0 in mixins/common/nochatreports.mixins.json:common.MixinFriendlyByteBuf from mod nochatreports
[17:30:53] [main/INFO]: Renaming synthetic method lambda$onReadJsonWithCodec$0(Ljava/lang/String;)Lio/netty/handler/codec/DecoderException; to md491443$nochatreports$lambda$onReadJsonWithCodec$0$1 in mixins/common/nochatreports.mixins.json:common.MixinFriendlyByteBuf from mod nochatreports
[17:30:53] [main/INFO]: Injecting BlockStateBase cache population hook into getNeighborPathNodeType from me.jellysquid.mods.lithium.mixin.ai.pathing.AbstractBlockStateMixin
[17:30:53] [main/INFO]: Injecting BlockStateBase cache population hook into getPathNodeType from me.jellysquid.mods.lithium.mixin.ai.pathing.AbstractBlockStateMixin
[17:30:53] [main/INFO]: Injecting BlockStateBase cache population hook into getOpacityIfCached from ca.spottedleaf.starlight.mixin.common.blockstate.BlockStateBaseMixin
[17:30:53] [main/INFO]: Injecting BlockStateBase cache population hook into isConditionallyFullOpaque from ca.spottedleaf.starlight.mixin.common.blockstate.BlockStateBaseMixin
[17:30:53] [main/INFO]: Injecting BlockStateBase cache population hook into getAllFlags from me.jellysquid.mods.lithium.mixin.util.block_tracking.AbstractBlockStateMixin
[17:30:56] [main/WARN]: Method overwrite conflict for compatSync in environmentz.mixins.json:ServerPlayerEntityMixin from mod environmentz, previously written by net.dehydration.mixin.ServerPlayerEntityMixin. Skipping method.
[17:30:56] [main/INFO]: Mixing server.MixinServerGamePacketListenerImpl from mixins/common/nochatreports.mixins.json into net.minecraft.class_3244
[17:30:57] [main/WARN]: Static binding violation: PRIVATE @Overwrite method method_21740 in modernfix-common.mixins.json:perf.remove_biome_temperature_cache.BiomeMixin from mod modernfix cannot reduce visibiliy of PUBLIC target method, visibility will be upgraded.
[17:30:57] [main/WARN]: Method overwrite conflict for method_21740 in modernfix-common.mixins.json:perf.remove_biome_temperature_cache.BiomeMixin from mod modernfix, previously written by me.jellysquid.mods.lithium.mixin.world.temperature_cache.BiomeMixin. Skipping method.
[17:30:57] [main/INFO]: Vanilla bootstrap took 5659 milliseconds
[17:30:57] [main/INFO]: [STDOUT]: All 1 have been set properly
[17:30:57] [main/INFO]: Registered azurelib config for auto-sync function
[17:30:58] [main/INFO]: [bclib] Added Config bclib.generator to auto sync (file hash)
[17:30:58] [main/INFO]: [bclib] Added Config bclib.main to auto sync (content diff)
[17:30:58] [main/INFO]: [bclib] Added Config bclib.biomes to auto sync (file hash)
[17:30:58] [main/INFO]: Reflections took 56 ms to scan 1 urls, producing 1 keys and 2 values
[17:30:58] [main/INFO]: Reflections took 3 ms to scan 1 urls, producing 1 keys and 2 values
[17:30:58] [main/INFO]: Reflections took 3 ms to scan 1 urls, producing 1 keys and 3 values
[17:30:58] [main/INFO]: Reflections took 3 ms to scan 1 urls, producing 1 keys and 3 values
[17:30:58] [main/INFO]: Reflections took 1 ms to scan 1 urls, producing 1 keys and 1 values
[17:30:58] [main/INFO]: Reflections took 1 ms to scan 1 urls, producing 1 keys and 1 values
[17:30:58] [main/INFO]: Reflections took 1 ms to scan 1 urls, producing 1 keys and 3 values
[17:30:58] [main/INFO]: Reflections took 1 ms to scan 1 urls, producing 1 keys and 3 values
[17:30:58] [main/INFO]: Reflections took 1 ms to scan 1 urls, producing 1 keys and 2 values
[17:30:58] [main/INFO]: Reflections took 1 ms to scan 1 urls, producing 1 keys and 2 values
[17:30:58] [main/INFO]: Reflections took 2 ms to scan 1 urls, producing 1 keys and 1 values
[17:30:58] [main/INFO]: Reflections took 0 ms to scan 1 urls, producing 1 keys and 1 values
[17:30:58] [main/INFO]: Reflections took 1 ms to scan 1 urls, producing 1 keys and 2 values
[17:30:58] [main/INFO]: Reflections took 1 ms to scan 1 urls, producing 1 keys and 2 values
[17:30:58] [main/INFO]: Reflections took 1 ms to scan 1 urls, producing 1 keys and 1 values
[17:30:58] [main/INFO]: Reflections took 1 ms to scan 1 urls, producing 1 keys and 1 values
[17:30:58] [main/INFO]: Fixing MC-151457. Crafting remainder for minecraft:pufferfish_bucket is now minecraft:bucket.
[17:30:58] [main/INFO]: Fixing MC-151457. Crafting remainder for minecraft:salmon_bucket is now minecraft:bucket.
[17:30:58] [main/INFO]: Fixing MC-151457. Crafting remainder for minecraft:cod_bucket is now minecraft:bucket.
[17:30:58] [main/INFO]: Fixing MC-151457. Crafting remainder for minecraft:tropical_fish_bucket is now minecraft:bucket.
[17:30:58] [main/INFO]: Fixing MC-151457. Crafting remainder for minecraft:axolotl_bucket is now minecraft:bucket.
[17:30:58] [main/INFO]: Fixing MC-151457. Crafting remainder for minecraft:powder_snow_bucket is now minecraft:bucket.
[17:30:58] [main/INFO]: Fixing MC-151457. Crafting remainder for minecraft:tadpole_bucket is now minecraft:bucket.
[17:30:58] [main/INFO]: Common init
[17:30:59] [main/INFO]: Hello Fabric world!
[17:30:59] [main/INFO]: [STDOUT]: All 6 have been set properly
[17:30:59] [main/INFO]: Loading Collective version 7.40.
[17:30:59] [main/INFO]: Enabled 34 bug fixes: [MC-2025, MC-7569, MC-8187, MC-14923, MC-30391, MC-31819, MC-69216, MC-72151, MC-88371, MC-89146, MC-90084, MC-93018, MC-100991, MC-119417, MC-119754, MC-121706, MC-121903, MC-124117, MC-129909, MC-132878, MC-135971, MC-155509, MC-160095, MC-179072, MC-183990, MC-193343, MC-199467, MC-200418, MC-206922, MC-215530, MC-223153, MC-224729, MC-231743, MC-232869]
[17:30:59] [main/INFO]: Successfully Debugify'd your game!
[17:30:59] [main/INFO]: Constructing common components for easyanvils:main
[17:30:59] [main/INFO]: Constructing common components for easymagic:main
[17:31:00] [main/INFO]: [FANCYMENU] Loading v3.1.4 in server-side mode on FABRIC!
[17:31:00] [main/INFO]: Registering C2S receiver with id ftbchunks:request_map_data
[17:31:00] [main/INFO]: Registering C2S receiver with id ftbchunks:share_waypoint
[17:31:00] [main/INFO]: Registering C2S receiver with id ftbchunks:request_chunk_change
[17:31:00] [main/INFO]: Registering C2S receiver with id ftbchunks:teleport_from_map
[17:31:00] [main/INFO]: Registering C2S receiver with id ftbchunks:sync_tx
[17:31:00] [main/INFO]: Registering C2S receiver with id ftbchunks:update_force_load_expiry
[17:31:00] [main/INFO]: Registering C2S receiver with id ftbchunks:server_config_request
[17:31:00] [main/INFO]: Registering C2S receiver with id ftblibrary:edit_nbt_response
[17:31:00] [main/INFO]: Registering C2S receiver with id ftbteams:open_gui
[17:31:00] [main/INFO]: Registering C2S receiver with id ftbteams:update_settings
[17:31:00] [main/INFO]: Registering C2S receiver with id ftbteams:send_message
[17:31:00] [main/INFO]: Registering C2S receiver with id ftbteams:create_party
[17:31:00] [main/INFO]: Registering C2S receiver with id ftbteams:player_gui_operation
[17:31:00] [main/INFO]: Constructing common components for hangglider:main
[17:31:00] [main/INFO]: Registered hwg config for auto-sync function
[17:31:00] [main/INFO]: Processing 3 KiwiModule annotations
[17:31:00] [main/INFO]: Module [kiwi:contributors] initialized
[17:31:00] [main/INFO]: Module [snowrealmagic:core] initialized
[17:31:00] [main/INFO]: 		block: 7, block_entity_type: 2, entity_type: 1, loot_pool_entry_type: 1
[17:31:00] [main/INFO]: Module [kiwi:data] initialized
[17:31:00] [main/INFO]: 		recipe_serializer: 3
[17:31:00] [main/INFO]: [KONKRETE] Successfully initialized!
[17:31:00] [main/INFO]: [KONKRETE] Server-side libs ready to use!
[17:31:00] [main/INFO]: Compression will use libdeflate (Linux x86_64), encryption will use OpenSSL 1.1.x (Linux x86_64)
[17:31:00] [main/INFO]: Mixing server.MixinServerboundChatCommandPacket from mixins/common/nochatreports.mixins.json into net.minecraft.class_7472
[17:31:00] [main/INFO]: Mixing server.MixinServerboundChatPacket from mixins/common/nochatreports.mixins.json into net.minecraft.class_2797
[17:31:00] [main/INFO]: Mixing server.MixinServerboundChatSessionUpdatePacket from mixins/common/nochatreports.mixins.json into net.minecraft.class_7861
[17:31:00] [main/INFO]: [MELODY] Disabling Melody since it's loaded server-side.
[17:31:00] [main/INFO]: Definitely not up to no good
[17:31:01] [main/INFO]: Constructing common components for mutantmonsters:main
[17:31:01] [main/INFO]: Loading common config for mutantmonsters
[17:31:01] [Thread-6/INFO]: Reloading common config for mutantmonsters
[17:31:01] [Thread-6/INFO]: Reloading common config for mutantmonsters
[17:31:01] [main/INFO]: KONNICHIWA ZA WARUDO!
[17:31:01] [main/INFO]: Default JVM text encoding is: UTF-8
[17:31:01] [main/INFO]: Reading config file NoChatReports/NCR-Common.json...
[17:31:01] [main/INFO]: Writing config file NoChatReports/NCR-Common.json...
[17:31:01] [main/INFO]: make a man a mod, he'll be enteratined for a few minutes - teach a man to mod, and he'll mald till the end of time
[17:31:01] [main/INFO]: Constructing common components for puzzleslib:main
[17:31:01] [main/INFO]: Initializing Scribe...
[17:31:01] [main/INFO]: [Fabric Seasons] Trying to read config file...
[17:31:01] [main/INFO]: [Fabric Seasons] A config file was found, loading it..
[17:31:01] [main/INFO]: [Fabric Seasons] Successfully loaded config file.
[17:31:01] [main/INFO]: [SimplePipes] Initializing...
[17:31:02] [main/INFO]: [SimplePipes] Mod Initialized.
[17:31:02] [main/INFO]: Registering Config Files for simplymore
[17:31:02] [main/INFO]: Registering Status Effects for simplymore
[17:31:02] [main/INFO]: Registering Entities for simplymore
[17:31:02] [main/INFO]: Registering Items for simplymore
[17:31:02] [main/INFO]: Registering Tags for simplymore
[17:31:02] [main/INFO]: simplymore Initialized Successfully!
[17:31:02] [main/INFO]: [STDOUT]: /workspaces/server/servidor_minecraft/config
[17:31:03] [main/INFO]: [Spawn Animations] MidnightLib detected!
[17:31:03] [main/INFO]: [Spawn Animations] Registering server started event...
[17:31:03] [main/INFO]: [Spawn Animations] Loaded Spawn Animations by Tschipcraft successfully!
[17:31:03] [main/INFO]: Loaded config spelunkery-common.json
[17:31:03] [main/INFO]: [Stendhal] Initializing
[17:31:03] [main/INFO]: Initializing TheLostCityMod
[17:31:04] [main/INFO]: [Collective] JSON file 'entity_names.json' generation requested by mod 'villagernames'.
[17:31:04] [main/INFO]: Constructing common components for visualworkbench:main
[17:31:04] [main/INFO]: [voicechat] Compatibility version 18
[17:31:04] [main/INFO]: [voicechat] Loading plugins
[17:31:04] [main/INFO]: [voicechat] Loaded 1 plugin(s)
[17:31:04] [main/INFO]: [voicechat] Initializing plugins
[17:31:04] [main/INFO]: Initializing Simple Voice Chat integration
[17:31:04] [main/INFO]: [voicechat] Initialized 1 plugin(s)
[17:31:04] [main/INFO]: [voicechat] Registering events for 'sound_physics_remastered'
[17:31:04] [main/INFO]: Reflections took 2 ms to scan 1 urls, producing 1 keys and 4 values
[17:31:04] [main/INFO]: Reflections took 3 ms to scan 1 urls, producing 1 keys and 4 values
[17:31:04] [main/INFO]: Reflections took 0 ms to scan 1 urls, producing 1 keys and 2 values
[17:31:04] [main/INFO]: Reflections took 1 ms to scan 1 urls, producing 1 keys and 2 values
[17:31:04] [main/INFO]: Reflections took 2 ms to scan 1 urls, producing 1 keys and 2 values
[17:31:04] [main/INFO]: Reflections took 2 ms to scan 1 urls, producing 1 keys and 2 values
[17:31:04] [main/INFO]: Initializing 'Better Statistics Screen' as 'BetterStatsServer'.
[17:31:04] [main/INFO]: Initializing Mod
[17:31:04] [main/INFO]: Distant Horizons, Version: 2.0.1-a
[17:31:04] [main/INFO]: DH Branch: main
[17:31:04] [main/INFO]: DH Commit: 1a07fb83b686ae8f0bc1d5ee6bfdb5918ea815a8
[17:31:04] [main/INFO]: DH Jar Build Source: User
[17:31:04] [main/INFO]: Registered mod compatibility accessor for: [Starlight-Fabric-1.18.X].
[17:31:04] [main/INFO]: Registered mod compatibility accessor for: [BCLib].
[17:31:04] [main/INFO]: Distant Horizons Initialized
[17:31:04] [main/INFO]: Krypton is now accelerating your Minecraft server's networking stack 🚀
[17:31:04] [main/INFO]: Initialized block sets in 14ms
[17:31:04] [main/INFO]: Loaded config smarterfarmers-common.json
[17:31:04] [main/INFO]: Finished mod setup in: [0, 1] ms
[17:31:04] [main/INFO]: Initialized color sets in 31ms
[17:31:04] [main/INFO]: Loading Open Parties and Claims!
[17:31:05] [main/INFO]: Initializing 'TCD Commons API' 3.9.6+fabric-1.20.1 as 'TCDCommonsServer'.
[17:31:05] [main/INFO]: Loading Xaero's Minimap - Stage 1/2 (Server)
[17:31:05] [main/INFO]: Loading Xaero's World Map - Stage 1/2 (Server)
[17:31:05] [main/ERROR]: Failed to start the minecraft server
java.lang.RuntimeException: Could not execute entrypoint stage 'server' due to errors, provided by 'distanthorizons' at 'com.seibel.distanthorizons.fabric.FabricDedicatedServerMain'!
	at net.fabricmc.loader.impl.FabricLoaderImpl.lambda$invokeEntrypoints$2(FabricLoaderImpl.java:403) ~[fabric-loader-0.16.14.jar:?]
	at net.fabricmc.loader.impl.util.ExceptionUtil.gatherExceptions(ExceptionUtil.java:33) ~[fabric-loader-0.16.14.jar:?]
	at net.fabricmc.loader.impl.FabricLoaderImpl.invokeEntrypoints(FabricLoaderImpl.java:401) ~[fabric-loader-0.16.14.jar:?]
	at net.fabricmc.loader.impl.game.minecraft.Hooks.startServer(Hooks.java:64) ~[fabric-loader-0.16.14.jar:?]
	at net.minecraft.server.Main.main(Main.java:112) ~[server-intermediary.jar:?]
	at net.fabricmc.loader.impl.game.minecraft.MinecraftGameProvider.launch(MinecraftGameProvider.java:480) ~[fabric-loader-0.16.14.jar:?]
	at net.fabricmc.loader.impl.launch.knot.Knot.launch(Knot.java:74) ~[fabric-loader-0.16.14.jar:?]
	at net.fabricmc.loader.impl.launch.knot.KnotServer.main(KnotServer.java:23) ~[fabric-loader-0.16.14.jar:?]
	at net.fabricmc.loader.impl.launch.server.FabricServerLauncher.main(FabricServerLauncher.java:69) ~[fabric-loader-0.16.14.jar:?]
	at net.fabricmc.installer.ServerLauncher.main(ServerLauncher.java:69) ~[fabric-server-launch.jar:1.0.1]
Caused by: java.lang.ExceptionInInitializerError
	at com.seibel.distanthorizons.fabric.FabricDedicatedServerMain.onInitializeServer(FabricDedicatedServerMain.java:33) ~[DistantHorizons-2.0.1-a-1.20.1.jar:?]
	at net.fabricmc.loader.impl.FabricLoaderImpl.invokeEntrypoints(FabricLoaderImpl.java:399) ~[fabric-loader-0.16.14.jar:?]
	... 7 more
Caused by: java.lang.NullPointerException: Cannot invoke "com.seibel.distanthorizons.core.wrapperInterfaces.config.IConfigGui.addOnScreenChangeListener(java.lang.Runnable)" because "com.seibel.distanthorizons.core.config.eventHandlers.presets.AbstractPresetConfigEventHandler.configGui" is null
	at com.seibel.distanthorizons.core.config.eventHandlers.presets.AbstractPresetConfigEventHandler.<init>(AbstractPresetConfigEventHandler.java:59) ~[DistantHorizons-2.0.1-a-1.20.1.jar:?]
	at com.seibel.distanthorizons.core.config.eventHandlers.presets.ThreadPresetConfigEventHandler.<init>(ThreadPresetConfigEventHandler.java:117) ~[DistantHorizons-2.0.1-a-1.20.1.jar:?]
	at com.seibel.distanthorizons.core.config.eventHandlers.presets.ThreadPresetConfigEventHandler.<clinit>(ThreadPresetConfigEventHandler.java:37) ~[DistantHorizons-2.0.1-a-1.20.1.jar:?]
	at com.seibel.distanthorizons.fabric.FabricDedicatedServerMain.onInitializeServer(FabricDedicatedServerMain.java:33) ~[DistantHorizons-2.0.1-a-1.20.1.jar:?]
	at net.fabricmc.loader.impl.FabricLoaderImpl.invokeEntrypoints(FabricLoaderImpl.java:399) ~[fabric-loader-0.16.14.jar:?]
	... 7 more
